This is XeTeX, Version 3.141592653-2.6-0.999994 (MiKTeX 22.12) (preloaded format=xelatex 2023.2.15)  5 APR 2023 22:19
entering extended mode
 restricted \write18 enabled.
 %&-line parsing enabled.
**./math_model.tex
(math_model.tex
LaTeX2e <2022-11-01> patch level 1
L3 programming layer <2022-12-17>
(C:\Users\helpdesk\AppData\Local\Programs\MiKTeX\tex/latex/base\article.cls
Document Class: article 2022/07/02 v1.4n Standard LaTeX document class
(C:\Users\helpdesk\AppData\Local\Programs\MiKTeX\tex/latex/base\size10.clo
File: size10.clo 2022/07/02 v1.4n Standard LaTeX file (size option)
)
\c@part=\count181
\c@section=\count182
\c@subsection=\count183
\c@subsubsection=\count184
\c@paragraph=\count185
\c@subparagraph=\count186
\c@figure=\count187
\c@table=\count188
\abovecaptionskip=\skip48
\belowcaptionskip=\skip49
\bibindent=\dimen140
)
(C:\Users\helpdesk\AppData\Local\Programs\MiKTeX\tex/latex/mathtools\mathtools.
sty
Package: mathtools 2022/06/29 v1.29 mathematical typesetting tools

(C:\Users\helpdesk\AppData\Local\Programs\MiKTeX\tex/latex/graphics\keyval.sty
Package: keyval 2022/05/29 v1.15 key=value parser (DPC)
\KV@toks@=\toks16
) (C:\Users\helpdesk\AppData\Local\Programs\MiKTeX\tex/latex/tools\calc.sty
Package: calc 2017/05/25 v4.3 Infix arithmetic (KKT,FJ)
\calc@Acount=\count189
\calc@Bcount=\count190
\calc@Adimen=\dimen141
\calc@Bdimen=\dimen142
\calc@Askip=\skip50
\calc@Bskip=\skip51
LaTeX Info: Redefining \setlength on input line 80.
LaTeX Info: Redefining \addtolength on input line 81.
\calc@Ccount=\count191
\calc@Cskip=\skip52
)
(C:\Users\helpdesk\AppData\Local\Programs\MiKTeX\tex/latex/mathtools\mhsetup.st
y
Package: mhsetup 2021/03/18 v1.4 programming setup (MH)
)
(C:\Users\helpdesk\AppData\Local\Programs\MiKTeX\tex/latex/amsmath\amsmath.sty
Package: amsmath 2022/04/08 v2.17n AMS math features
\@mathmargin=\skip53

For additional information on amsmath, use the `?' option.
(C:\Users\helpdesk\AppData\Local\Programs\MiKTeX\tex/latex/amsmath\amstext.sty
Package: amstext 2021/08/26 v2.01 AMS text

(C:\Users\helpdesk\AppData\Local\Programs\MiKTeX\tex/latex/amsmath\amsgen.sty
File: amsgen.sty 1999/11/30 v2.0 generic functions
\@emptytoks=\toks17
\ex@=\dimen143
)) (C:\Users\helpdesk\AppData\Local\Programs\MiKTeX\tex/latex/amsmath\amsbsy.st
y
Package: amsbsy 1999/11/29 v1.2d Bold Symbols
\pmbraise@=\dimen144
) (C:\Users\helpdesk\AppData\Local\Programs\MiKTeX\tex/latex/amsmath\amsopn.sty
Package: amsopn 2022/04/08 v2.04 operator names
)
\inf@bad=\count192
LaTeX Info: Redefining \frac on input line 234.
\uproot@=\count193
\leftroot@=\count194
LaTeX Info: Redefining \overline on input line 399.
LaTeX Info: Redefining \colon on input line 410.
\classnum@=\count195
\DOTSCASE@=\count196
LaTeX Info: Redefining \ldots on input line 496.
LaTeX Info: Redefining \dots on input line 499.
LaTeX Info: Redefining \cdots on input line 620.
\Mathstrutbox@=\box51
\strutbox@=\box52
LaTeX Info: Redefining \big on input line 722.
LaTeX Info: Redefining \Big on input line 723.
LaTeX Info: Redefining \bigg on input line 724.
LaTeX Info: Redefining \Bigg on input line 725.
\big@size=\dimen145
LaTeX Font Info:    Redeclaring font encoding OML on input line 743.
LaTeX Font Info:    Redeclaring font encoding OMS on input line 744.
\macc@depth=\count197
LaTeX Info: Redefining \bmod on input line 905.
LaTeX Info: Redefining \pmod on input line 910.
LaTeX Info: Redefining \smash on input line 940.
LaTeX Info: Redefining \relbar on input line 970.
LaTeX Info: Redefining \Relbar on input line 971.
\c@MaxMatrixCols=\count198
\dotsspace@=\muskip16
\c@parentequation=\count199
\dspbrk@lvl=\count266
\tag@help=\toks18
\row@=\count267
\column@=\count268
\maxfields@=\count269
\andhelp@=\toks19
\eqnshift@=\dimen146
\alignsep@=\dimen147
\tagshift@=\dimen148
\tagwidth@=\dimen149
\totwidth@=\dimen150
\lineht@=\dimen151
\@envbody=\toks20
\multlinegap=\skip54
\multlinetaggap=\skip55
\mathdisplay@stack=\toks21
LaTeX Info: Redefining \[ on input line 2953.
LaTeX Info: Redefining \] on input line 2954.
)
\g_MT_multlinerow_int=\count270
\l_MT_multwidth_dim=\dimen152
\origjot=\skip56
\l_MT_shortvdotswithinadjustabove_dim=\dimen153
\l_MT_shortvdotswithinadjustbelow_dim=\dimen154
\l_MT_above_intertext_sep=\dimen155
\l_MT_below_intertext_sep=\dimen156
\l_MT_above_shortintertext_sep=\dimen157
\l_MT_below_shortintertext_sep=\dimen158
\xmathstrut@box=\box53
\xmathstrut@dim=\dimen159
) (C:\Users\helpdesk\AppData\Local\Programs\MiKTeX\tex/latex/amscls\amsthm.sty
Package: amsthm 2020/05/29 v2.20.6
\thm@style=\toks22
\thm@bodyfont=\toks23
\thm@headfont=\toks24
\thm@notefont=\toks25
\thm@headpunct=\toks26
\thm@preskip=\skip57
\thm@postskip=\skip58
\thm@headsep=\skip59
\dth@everypar=\toks27
)
(C:\Users\helpdesk\AppData\Local\Programs\MiKTeX\tex/latex/amsfonts\amssymb.sty
Package: amssymb 2013/01/14 v3.01 AMS font symbols

(C:\Users\helpdesk\AppData\Local\Programs\MiKTeX\tex/latex/amsfonts\amsfonts.st
y
Package: amsfonts 2013/01/14 v3.01 Basic AMSFonts support
\symAMSa=\mathgroup4
\symAMSb=\mathgroup5
LaTeX Font Info:    Redeclaring math symbol \hbar on input line 98.
LaTeX Font Info:    Overwriting math alphabet `\mathfrak' in version `bold'
(Font)                  U/euf/m/n --> U/euf/b/n on input line 106.
))
(C:\Users\helpdesk\AppData\Local\Programs\MiKTeX\tex/latex/thaispec\thaispec.st
y
Package: thaispec version 2021.03.01

(C:\Users\helpdesk\AppData\Local\Programs\MiKTeX\tex/latex/kvoptions\kvoptions.
sty
Package: kvoptions 2022-06-15 v3.15 Key value format for package options (HO)

(C:\Users\helpdesk\AppData\Local\Programs\MiKTeX\tex/generic/ltxcmds\ltxcmds.st
y
Package: ltxcmds 2020-05-10 v1.25 LaTeX kernel commands for general use (HO)
)
(C:\Users\helpdesk\AppData\Local\Programs\MiKTeX\tex/latex/kvsetkeys\kvsetkeys.
sty
Package: kvsetkeys 2022-10-05 v1.19 Key value parser (HO)
))
(C:\Users\helpdesk\AppData\Local\Programs\MiKTeX\tex/latex/fontspec\fontspec.st
y
(C:\Users\helpdesk\AppData\Local\Programs\MiKTeX\tex/latex/l3packages/xparse\xp
arse.sty
(C:\Users\helpdesk\AppData\Local\Programs\MiKTeX\tex/latex/l3kernel\expl3.sty
Package: expl3 2022-12-17 L3 programming layer (loader) 

(C:\Users\helpdesk\AppData\Local\Programs\MiKTeX\tex/latex/l3backend\l3backend-
xetex.def
File: l3backend-xetex.def 2022-10-26 L3 backend support: XeTeX
\g__graphics_track_int=\count271
\l__pdf_internal_box=\box54
\g__pdf_backend_object_int=\count272
\g__pdf_backend_annotation_int=\count273
\g__pdf_backend_link_int=\count274
))
Package: xparse 2022-12-17 L3 Experimental document command parser
)
Package: fontspec 2022/01/15 v2.8a Font selection for XeLaTeX and LuaLaTeX

(C:\Users\helpdesk\AppData\Local\Programs\MiKTeX\tex/latex/fontspec\fontspec-xe
tex.sty
Package: fontspec-xetex 2022/01/15 v2.8a Font selection for XeLaTeX and LuaLaTe
X
\l__fontspec_script_int=\count275
\l__fontspec_language_int=\count276
\l__fontspec_strnum_int=\count277
\l__fontspec_tmp_int=\count278
\l__fontspec_tmpa_int=\count279
\l__fontspec_tmpb_int=\count280
\l__fontspec_tmpc_int=\count281
\l__fontspec_em_int=\count282
\l__fontspec_emdef_int=\count283
\l__fontspec_strong_int=\count284
\l__fontspec_strongdef_int=\count285
\l__fontspec_tmpa_dim=\dimen160
\l__fontspec_tmpb_dim=\dimen161
\l__fontspec_tmpc_dim=\dimen162

(C:\Users\helpdesk\AppData\Local\Programs\MiKTeX\tex/latex/base\fontenc.sty
Package: fontenc 2021/04/29 v2.0v Standard LaTeX package
)
(C:\Users\helpdesk\AppData\Local\Programs\MiKTeX\tex/latex/fontspec\fontspec.cf
g)))
(C:\Users\helpdesk\AppData\Local\Programs\MiKTeX\tex/xelatex/ucharclasses\uchar
classes.sty
Package: ucharclasses 2022/10/20 v2.6.0 Unicode block character classes for XeL
aTeX

(C:\Users\helpdesk\AppData\Local\Programs\MiKTeX\tex/generic/iftex\ifxetex.sty
Package: ifxetex 2019/10/25 v0.7 ifxetex legacy package. Use iftex instead.

(C:\Users\helpdesk\AppData\Local\Programs\MiKTeX\tex/generic/iftex\iftex.sty
Package: iftex 2022/02/03 v1.0f TeX engine tests
))
\AlphabeticPresentationFormsClass=\XeTeXcharclass1
\BasicLatinClass=\XeTeXcharclass2
\LatinExtendedAdditionalClass=\XeTeXcharclass3
\LatinExtendedAClass=\XeTeXcharclass4
\LatinExtendedBClass=\XeTeXcharclass5
\LatinExtendedCClass=\XeTeXcharclass6
\LatinExtendedDClass=\XeTeXcharclass7
\LatinSupplementClass=\XeTeXcharclass8
\ThaiClass=\XeTeXcharclass9
\LatinExtendedEClass=\XeTeXcharclass10
\LatinExtendedFClass=\XeTeXcharclass11
\LatinExtendedGClass=\XeTeXcharclass12
)
(C:\Users\helpdesk\AppData\Local\Programs\MiKTeX\tex/latex/setspace\setspace.st
y
Package: setspace 2022/12/04 v6.7b set line spacing
)
(C:\Users\helpdesk\AppData\Local\Programs\MiKTeX\tex/latex/polyglossia\polyglos
sia.sty
Package: polyglossia 2022/11/29 v1.59 Modern multilingual typesetting with XeLa
TeX and LuaLaTeX

(C:\Users\helpdesk\AppData\Local\Programs\MiKTeX\tex/latex/etoolbox\etoolbox.st
y
Package: etoolbox 2020/10/05 v2.5k e-TeX tools for LaTeX (JAW)
\etb@tempcnta=\count286
)
(C:\Users\helpdesk\AppData\Local\Programs\MiKTeX\tex/latex/makecmds\makecmds.st
y
Package: makecmds 2009/09/03 v1.0a extra command making commands
)
(C:\Users\helpdesk\AppData\Local\Programs\MiKTeX\tex/latex/xkeyval\xkeyval.sty
Package: xkeyval 2022/06/16 v2.9 package option processing (HA)

(C:\Users\helpdesk\AppData\Local\Programs\MiKTeX\tex/generic/xkeyval\xkeyval.te
x
(C:\Users\helpdesk\AppData\Local\Programs\MiKTeX\tex/generic/xkeyval\xkvutils.t
ex
\XKV@toks=\toks28
\XKV@tempa@toks=\toks29
)
\XKV@depth=\count287
File: xkeyval.tex 2014/12/03 v2.7a key=value parser (HA)
))
(C:\Users\helpdesk\AppData\Local\Programs\MiKTeX\tex/latex/l3packages/l3keys2e\
l3keys2e.sty
Package: l3keys2e 2022-12-17 LaTeX2e option processing using LaTeX3 keys
)
\xpg@normalclass=\XeTeXcharclass13

(C:\Users\helpdesk\AppData\Local\Programs\MiKTeX\tex/latex/polyglossia\gloss-la
tex.lde
Package: gloss-latex 2022/11/29 vv1.59 polyglossia: module for default language

The property list \polyglossia@langsetup contains the pairs (without outer
braces):
>  {latex/script}  =>  {latin}
>  {latex/lcscript}  =>  {latin}
>  {latex/scripttag}  =>  {}
>  {latex/language}  =>  {Latex}
>  {latex/langtag}  =>  {ENG}
>  {latex/bcp47}  =>  {}
>  {latex/hyphennames}  =>  {english}
>  {latex/direction}  =>  {LR}
>  {latex/hyphenmins}  =>  {2,3}
>  {latex/frenchspacing}  =>  {false}
>  {latex/indentfirst}  =>  {false}
>  {latex/fontsetup}  =>  {true}
>  {latex/envname}  =>  {latex}
>  {latex/babelname}  =>  {latex}
>  {latex/localnumeral}  =>  {polyglossia@C@localnumeral}
>  {latex/Localnumeral}  =>  {polyglossia@C@localnumeral}
>  {latex/DefineCommandsCmd}  =>  {use_none:n}.
)
Package polyglossia Info: Default language is latex.
)
(C:\Users\helpdesk\AppData\Local\Programs\MiKTeX\tex/latex/xstring\xstring.sty
(C:\Users\helpdesk\AppData\Local\Programs\MiKTeX\tex/generic/xstring\xstring.te
x
\integerpart=\count288
\decimalpart=\count289
)
Package: xstring 2023/01/14 v1.85 String manipulations (CT)
)
(C:\Users\helpdesk\AppData\Local\Programs\MiKTeX\tex/latex/xpatch\xpatch.sty
Package: xpatch 2020/03/25 v0.3a Extending etoolbox patching commands
)

Package fontspec Info: THSarabunNew scale = 1.434871390470329.


Package fontspec Info: THSarabunNew scale = 1.434871390470329.


Package fontspec Info: THSarabunNew/B scale = 1.434871390470329.


Package fontspec Info: THSarabunNew/I scale = 1.434871390470329.


Package fontspec Info: THSarabunNew/BI scale = 1.434871390470329.


Package fontspec Info: Font family 'THSarabunNew(0)' created for font
(fontspec)             'THSarabunNew' with options
(fontspec)             [Mapping=tex-text,Scale=MatchUppercase,Mapping=tex-text]
.
(fontspec)              
(fontspec)              This font family consists of the following NFSS
(fontspec)             series/shapes:
(fontspec)              
(fontspec)             - 'normal' (m/n) with NFSS spec.:
(fontspec)             <->s*[1.434871390470329]"THSarabunNew/OT:script=latn;lan
guage=dflt;mapping=tex-text;"
(fontspec)             - 'small caps'  (m/sc) with NFSS spec.: 
(fontspec)             - 'bold' (b/n) with NFSS spec.:
(fontspec)             <->s*[1.434871390470329]"THSarabunNew/B/OT:script=latn;l
anguage=dflt;mapping=tex-text;"
(fontspec)             - 'bold small caps'  (b/sc) with NFSS spec.: 
(fontspec)             - 'italic' (m/it) with NFSS spec.:
(fontspec)             <->s*[1.434871390470329]"THSarabunNew/I/OT:script=latn;l
anguage=dflt;mapping=tex-text;"
(fontspec)             - 'italic small caps'  (m/scit) with NFSS spec.: 
(fontspec)             - 'bold italic' (b/it) with NFSS spec.:
(fontspec)             <->s*[1.434871390470329]"THSarabunNew/BI/OT:script=latn;
language=dflt;mapping=tex-text;"
(fontspec)             - 'bold italic small caps'  (b/scit) with NFSS spec.: 


(C:\Users\helpdesk\AppData\Local\Programs\MiKTeX\tex/latex/polyglossia\gloss-en
glish.ldf
File: gloss-english.ldf polyglossia: module for English
The property list \polyglossia@langsetup contains the pairs (without outer
braces):
>  {latex/script}  =>  {latin}
>  {latex/lcscript}  =>  {latin}
>  {latex/scripttag}  =>  {}
>  {latex/language}  =>  {Latex}
>  {latex/langtag}  =>  {ENG}
>  {latex/bcp47}  =>  {}
>  {latex/hyphennames}  =>  {english}
>  {latex/direction}  =>  {LR}
>  {latex/hyphenmins}  =>  {2,3}
>  {latex/frenchspacing}  =>  {false}
>  {latex/indentfirst}  =>  {false}
>  {latex/fontsetup}  =>  {true}
>  {latex/envname}  =>  {latex}
>  {latex/babelname}  =>  {latex}
>  {latex/localnumeral}  =>  {polyglossia@C@localnumeral}
>  {latex/Localnumeral}  =>  {polyglossia@C@localnumeral}
>  {latex/DefineCommandsCmd}  =>  {use_none:n}
>  {english/script}  =>  {latin}
>  {english/lcscript}  =>  {latin}
>  {english/scripttag}  =>  {}
>  {english/language}  =>  {English}
>  {english/langtag}  =>  {ENG}
>  {english/bcp47}  =>  {en-US}
>  {english/hyphennames}  =>  {english,american,usenglish,USenglish}
>  {english/direction}  =>  {LR}
>  {english/hyphenmins}  =>  {2,3}
>  {english/frenchspacing}  =>  {false}
>  {english/indentfirst}  =>  {false}
>  {english/fontsetup}  =>  {true}
>  {english/envname}  =>  {english}
>  {english/babelname}  =>  {english}
>  {english/localnumeral}  =>  {polyglossia@C@localnumeral}
>  {english/Localnumeral}  =>  {polyglossia@C@localnumeral}
>  {english/DefineCommandsCmd}  =>  {xpg_define_language_commands:e}.
Package polyglossia Info: Option: English, variant=american.
)
Package polyglossia Info: Default language is english.

(C:\Users\helpdesk\AppData\Local\Programs\MiKTeX\tex/latex/polyglossia\gloss-th
ai.ldf
File: gloss-thai.ldf polyglossia: module for Thai
The property list \polyglossia@langsetup contains the pairs (without outer
braces):
>  {latex/script}  =>  {latin}
>  {latex/lcscript}  =>  {latin}
>  {latex/scripttag}  =>  {}
>  {latex/language}  =>  {Latex}
>  {latex/langtag}  =>  {ENG}
>  {latex/bcp47}  =>  {}
>  {latex/hyphennames}  =>  {english}
>  {latex/direction}  =>  {LR}
>  {latex/hyphenmins}  =>  {2,3}
>  {latex/frenchspacing}  =>  {false}
>  {latex/indentfirst}  =>  {false}
>  {latex/fontsetup}  =>  {true}
>  {latex/envname}  =>  {latex}
>  {latex/babelname}  =>  {latex}
>  {latex/localnumeral}  =>  {polyglossia@C@localnumeral}
>  {latex/Localnumeral}  =>  {polyglossia@C@localnumeral}
>  {latex/DefineCommandsCmd}  =>  {use_none:n}
>  {english/script}  =>  {latin}
>  {english/lcscript}  =>  {latin}
>  {english/scripttag}  =>  {}
>  {english/language}  =>  {English}
>  {english/langtag}  =>  {ENG}
>  {english/bcp47}  =>  {en-US}
>  {english/hyphennames}  =>  {english,american,usenglish,USenglish}
>  {english/direction}  =>  {LR}
>  {english/hyphenmins}  =>  {2,3}
>  {english/frenchspacing}  =>  {false}
>  {english/indentfirst}  =>  {false}
>  {english/fontsetup}  =>  {true}
>  {english/envname}  =>  {english}
>  {english/babelname}  =>  {american}
>  {english/localnumeral}  =>  {polyglossia@C@localnumeral}
>  {english/Localnumeral}  =>  {polyglossia@C@localnumeral}
>  {english/DefineCommandsCmd}  =>  {xpg_define_language_commands:e}
>  {thai/script}  =>  {Thai}
>  {thai/lcscript}  =>  {thai}
>  {thai/scripttag}  =>  {thai}
>  {thai/language}  =>  {Thai}
>  {thai/langtag}  =>  {THA}
>  {thai/bcp47}  =>  {th}
>  {thai/hyphennames}  =>  {nohyphenation}
>  {thai/direction}  =>  {LR}
>  {thai/hyphenmins}  =>  {2,3}
>  {thai/frenchspacing}  =>  {false}
>  {thai/indentfirst}  =>  {false}
>  {thai/fontsetup}  =>  {true}
>  {thai/envname}  =>  {thai}
>  {thai/babelname}  =>  {thai}
>  {thai/localnumeral}  =>  {thainumerals}
>  {thai/Localnumeral}  =>  {thainumerals}
>  {thai/DefineCommandsCmd}  =>  {xpg_define_language_commands:e}.
)
\c@theorem=\count290
)
(C:\Users\helpdesk\AppData\Local\Programs\MiKTeX\tex/latex/geometry\geometry.st
y
Package: geometry 2020/01/02 v5.9 Page Geometry
 (C:\Users\helpdesk\AppData\Local\Programs\MiKTeX\tex/generic/iftex\ifvtex.sty
Package: ifvtex 2019/10/25 v1.7 ifvtex legacy package. Use iftex instead.
)
\Gm@cnth=\count291
\Gm@cntv=\count292
\c@Gm@tempcnt=\count293
\Gm@bindingoffset=\dimen163
\Gm@wd@mp=\dimen164
\Gm@odd@mp=\dimen165
\Gm@even@mp=\dimen166
\Gm@layoutwidth=\dimen167
\Gm@layoutheight=\dimen168
\Gm@layouthoffset=\dimen169
\Gm@layoutvoffset=\dimen170
\Gm@dimlist=\toks30

(C:\Users\helpdesk\AppData\Local\Programs\MiKTeX\tex/latex/geometry\geometry.cf
g))
(C:\Users\helpdesk\AppData\Local\Programs\MiKTeX\tex/latex/biblatex\biblatex.st
y
Package: biblatex 2022/07/12 v3.18b programmable bibliographies (PK/MW)

(C:\Users\helpdesk\AppData\Local\Programs\MiKTeX\tex/generic/pdftexcmds\pdftexc
mds.sty
Package: pdftexcmds 2020-06-27 v0.33 Utility functions of pdfTeX for LuaTeX (HO
)

(C:\Users\helpdesk\AppData\Local\Programs\MiKTeX\tex/generic/infwarerr\infwarer
r.sty
Package: infwarerr 2019/12/03 v1.5 Providing info/warning/error messages (HO)
)
Package pdftexcmds Info: \pdf@primitive is available.
Package pdftexcmds Info: \pdf@ifprimitive is available.
Package pdftexcmds Info: \pdfdraftmode not found.
)
(C:\Users\helpdesk\AppData\Local\Programs\MiKTeX\tex/latex/logreq\logreq.sty
Package: logreq 2010/08/04 v1.0 xml request logger
\lrq@indent=\count294

(C:\Users\helpdesk\AppData\Local\Programs\MiKTeX\tex/latex/logreq\logreq.def
File: logreq.def 2010/08/04 v1.0 logreq spec v1.0
))
(C:\Users\helpdesk\AppData\Local\Programs\MiKTeX\tex/latex/base\ifthen.sty
Package: ifthen 2022/04/13 v1.1d Standard LaTeX ifthen package (DPC)
)
(C:\Users\helpdesk\AppData\Local\Programs\MiKTeX\tex/latex/url\url.sty
\Urlmuskip=\muskip17
Package: url 2013/09/16  ver 3.4  Verb mode for urls, etc.
)
\c@tabx@nest=\count295
\c@listtotal=\count296
\c@listcount=\count297
\c@liststart=\count298
\c@liststop=\count299
\c@citecount=\count300
\c@citetotal=\count301
\c@multicitecount=\count302
\c@multicitetotal=\count303
\c@instcount=\count304
\c@maxnames=\count305
\c@minnames=\count306
\c@maxitems=\count307
\c@minitems=\count308
\c@citecounter=\count309
\c@maxcitecounter=\count310
\c@savedcitecounter=\count311
\c@uniquelist=\count312
\c@uniquename=\count313
\c@refsection=\count314
\c@refsegment=\count315
\c@maxextratitle=\count316
\c@maxextratitleyear=\count317
\c@maxextraname=\count318
\c@maxextradate=\count319
\c@maxextraalpha=\count320
\c@abbrvpenalty=\count321
\c@highnamepenalty=\count322
\c@lownamepenalty=\count323
\c@maxparens=\count324
\c@parenlevel=\count325
\blx@tempcnta=\count326
\blx@tempcntb=\count327
\blx@tempcntc=\count328
\c@blx@maxsection=\count329
\blx@maxsegment@0=\count330
\blx@notetype=\count331
\blx@parenlevel@text=\count332
\blx@parenlevel@foot=\count333
\blx@sectionciteorder@0=\count334
\blx@sectionciteorderinternal@0=\count335
\blx@entrysetcounter=\count336
\blx@biblioinstance=\count337
\labelnumberwidth=\skip60
\labelalphawidth=\skip61
\biblabelsep=\skip62
\bibitemsep=\skip63
\bibnamesep=\skip64
\bibinitsep=\skip65
\bibparsep=\skip66
\bibhang=\skip67
\blx@bcfin=\read2
\blx@bcfout=\write3
\blx@langwohyphens=\language79
\c@mincomprange=\count338
\c@maxcomprange=\count339
\c@mincompwidth=\count340
Package biblatex Info: Trying to load biblatex default data model...
Package biblatex Info: ... file 'blx-dm.def' found.

(C:\Users\helpdesk\AppData\Local\Programs\MiKTeX\tex/latex/biblatex\blx-dm.def
File: blx-dm.def 2022/07/12 v3.18b biblatex localization (PK/MW)
)
Package biblatex Info: Trying to load biblatex style data model...
Package biblatex Info: ... file 'numeric.dbx' not found.
Package biblatex Info: Trying to load biblatex custom data model...
Package biblatex Info: ... file 'biblatex-dm.cfg' not found.
\c@afterword=\count341
\c@savedafterword=\count342
\c@annotator=\count343
\c@savedannotator=\count344
\c@author=\count345
\c@savedauthor=\count346
\c@bookauthor=\count347
\c@savedbookauthor=\count348
\c@commentator=\count349
\c@savedcommentator=\count350
\c@editor=\count351
\c@savededitor=\count352
\c@editora=\count353
\c@savededitora=\count354
\c@editorb=\count355
\c@savededitorb=\count356
\c@editorc=\count357
\c@savededitorc=\count358
\c@foreword=\count359
\c@savedforeword=\count360
\c@holder=\count361
\c@savedholder=\count362
\c@introduction=\count363
\c@savedintroduction=\count364
\c@namea=\count365
\c@savednamea=\count366
\c@nameb=\count367
\c@savednameb=\count368
\c@namec=\count369
\c@savednamec=\count370
\c@translator=\count371
\c@savedtranslator=\count372
\c@shortauthor=\count373
\c@savedshortauthor=\count374
\c@shorteditor=\count375
\c@savedshorteditor=\count376
\c@labelname=\count377
\c@savedlabelname=\count378
\c@institution=\count379
\c@savedinstitution=\count380
\c@lista=\count381
\c@savedlista=\count382
\c@listb=\count383
\c@savedlistb=\count384
\c@listc=\count385
\c@savedlistc=\count386
\c@listd=\count387
\c@savedlistd=\count388
\c@liste=\count389
\c@savedliste=\count390
\c@listf=\count391
\c@savedlistf=\count392
\c@location=\count393
\c@savedlocation=\count394
\c@organization=\count395
\c@savedorganization=\count396
\c@origlocation=\count397
\c@savedoriglocation=\count398
\c@origpublisher=\count399
\c@savedorigpublisher=\count400
\c@publisher=\count401
\c@savedpublisher=\count402
\c@language=\count403
\c@savedlanguage=\count404
\c@origlanguage=\count405
\c@savedoriglanguage=\count406
\c@pageref=\count407
\c@savedpageref=\count408
\shorthandwidth=\skip68
\shortjournalwidth=\skip69
\shortserieswidth=\skip70
\shorttitlewidth=\skip71
\shortauthorwidth=\skip72
\shorteditorwidth=\skip73
\locallabelnumberwidth=\skip74
\locallabelalphawidth=\skip75
\localshorthandwidth=\skip76
\localshortjournalwidth=\skip77
\localshortserieswidth=\skip78
\localshorttitlewidth=\skip79
\localshortauthorwidth=\skip80
\localshorteditorwidth=\skip81
Package biblatex Info: Trying to load enhanced support for Unicode engines...
Package biblatex Info: ... file 'blx-unicode.def' found.

(C:\Users\helpdesk\AppData\Local\Programs\MiKTeX\tex/latex/biblatex\blx-unicode
.def)
Package biblatex Info: Trying to load compatibility code...
Package biblatex Info: ... file 'blx-compat.def' found.

(C:\Users\helpdesk\AppData\Local\Programs\MiKTeX\tex/latex/biblatex\blx-compat.
def
File: blx-compat.def 2022/07/12 v3.18b biblatex compatibility (PK/MW)
)
Package biblatex Info: Trying to load generic definitions...
Package biblatex Info: ... file 'biblatex.def' found.

(C:\Users\helpdesk\AppData\Local\Programs\MiKTeX\tex/latex/biblatex\biblatex.de
f
File: biblatex.def 2022/07/12 v3.18b biblatex compatibility (PK/MW)
\c@textcitecount=\count409
\c@textcitetotal=\count410
\c@textcitemaxnames=\count411
\c@biburlbigbreakpenalty=\count412
\c@biburlbreakpenalty=\count413
\c@biburlnumpenalty=\count414
\c@biburlucpenalty=\count415
\c@biburllcpenalty=\count416
\biburlbigskip=\muskip18
\biburlnumskip=\muskip19
\biburlucskip=\muskip20
\biburllcskip=\muskip21
\c@smartand=\count417
)
Package biblatex Info: Trying to load bibliography style 'numeric'...
Package biblatex Info: ... file 'numeric.bbx' found.

(C:\Users\helpdesk\AppData\Local\Programs\MiKTeX\tex/latex/biblatex/bbx\numeric
.bbx
File: numeric.bbx 2022/07/12 v3.18b biblatex bibliography style (PK/MW)
Package biblatex Info: Trying to load bibliography style 'standard'...
Package biblatex Info: ... file 'standard.bbx' found.

(C:\Users\helpdesk\AppData\Local\Programs\MiKTeX\tex/latex/biblatex/bbx\standar
d.bbx
File: standard.bbx 2022/07/12 v3.18b biblatex bibliography style (PK/MW)
\c@bbx:relatedcount=\count418
\c@bbx:relatedtotal=\count419
))
Package biblatex Info: Trying to load citation style 'numeric'...
Package biblatex Info: ... file 'numeric.cbx' found.

(C:\Users\helpdesk\AppData\Local\Programs\MiKTeX\tex/latex/biblatex/cbx\numeric
.cbx
File: numeric.cbx 2022/07/12 v3.18b biblatex citation style (PK/MW)
Package biblatex Info: Redefining '\cite'.
Package biblatex Info: Redefining '\parencite'.
Package biblatex Info: Redefining '\footcite'.
Package biblatex Info: Redefining '\footcitetext'.
Package biblatex Info: Redefining '\smartcite'.
Package biblatex Info: Redefining '\supercite'.
Package biblatex Info: Redefining '\textcite'.
Package biblatex Info: Redefining '\textcites'.
Package biblatex Info: Redefining '\cites'.
Package biblatex Info: Redefining '\parencites'.
Package biblatex Info: Redefining '\smartcites'.
)
Package biblatex Info: Trying to load configuration file...
Package biblatex Info: ... file 'biblatex.cfg' found.

(C:\Users\helpdesk\AppData\Local\Programs\MiKTeX\tex/latex/biblatex\biblatex.cf
g
File: biblatex.cfg 
)
Package biblatex Info: XeTeX detected.
(biblatex)             Assuming input encoding 'utf8'.
Package biblatex Info: Document encoding is UTF8 ....
Package biblatex Info: ... and expl3
(biblatex)             2022-12-17 L3 programming layer (loader) 
(biblatex)             is new enough (at least 2020/04/06),
(biblatex)             setting 'casechanger=expl3'.

(C:\Users\helpdesk\AppData\Local\Programs\MiKTeX\tex/latex/biblatex\blx-case-ex
pl3.sty
Package: blx-case-expl3 2022/07/12 v3.18b expl3 case changing code for biblatex

))
(C:\Users\helpdesk\AppData\Local\Programs\MiKTeX\tex/latex/graphics\graphicx.st
y
Package: graphicx 2021/09/16 v1.2d Enhanced LaTeX Graphics (DPC,SPQR)

(C:\Users\helpdesk\AppData\Local\Programs\MiKTeX\tex/latex/graphics\graphics.st
y
Package: graphics 2022/03/10 v1.4e Standard LaTeX Graphics (DPC,SPQR)
 (C:\Users\helpdesk\AppData\Local\Programs\MiKTeX\tex/latex/graphics\trig.sty
Package: trig 2021/08/11 v1.11 sin cos tan (DPC)
)
(C:\Users\helpdesk\AppData\Local\Programs\MiKTeX\tex/latex/graphics-cfg\graphic
s.cfg
File: graphics.cfg 2016/06/04 v1.11 sample graphics configuration
)
Package graphics Info: Driver file: xetex.def on input line 107.

(C:\Users\helpdesk\AppData\Local\Programs\MiKTeX\tex/latex/graphics-def\xetex.d
ef
File: xetex.def 2022/09/22 v5.0n Graphics/color driver for xetex
))
\Gin@req@height=\dimen171
\Gin@req@width=\dimen172
)
(C:\Users\helpdesk\AppData\Local\Programs\MiKTeX\tex/latex/multirow\multirow.st
y
Package: multirow 2021/03/15 v2.8 Span multiple rows of a table
\multirow@colwidth=\skip82
\multirow@cntb=\count420
\multirow@dima=\skip83
\bigstrutjot=\dimen173
)
\@quotelevel=\count421
\@quotereset=\count422
 (math_model.aux
LaTeX Info: Redefining \rmfamily on input line 6.
LaTeX Info: Redefining \sffamily on input line 6.
LaTeX Info: Redefining \ttfamily on input line 6.
)
\openout1 = `math_model.aux'.

LaTeX Font Info:    Checking defaults for OML/cmm/m/it on input line 26.
LaTeX Font Info:    ... okay on input line 26.
LaTeX Font Info:    Checking defaults for OMS/cmsy/m/n on input line 26.
LaTeX Font Info:    ... okay on input line 26.
LaTeX Font Info:    Checking defaults for OT1/cmr/m/n on input line 26.
LaTeX Font Info:    ... okay on input line 26.
LaTeX Font Info:    Checking defaults for T1/cmr/m/n on input line 26.
LaTeX Font Info:    ... okay on input line 26.
LaTeX Font Info:    Checking defaults for TS1/cmr/m/n on input line 26.
LaTeX Font Info:    Trying to load font information for TS1+cmr on input line 2
6.

(C:\Users\helpdesk\AppData\Local\Programs\MiKTeX\tex/latex/base\ts1cmr.fd
File: ts1cmr.fd 2022/07/10 v2.5l Standard LaTeX font definitions
)
LaTeX Font Info:    ... okay on input line 26.
LaTeX Font Info:    Checking defaults for TU/lmr/m/n on input line 26.
LaTeX Font Info:    ... okay on input line 26.
LaTeX Font Info:    Checking defaults for OMX/cmex/m/n on input line 26.
LaTeX Font Info:    ... okay on input line 26.
LaTeX Font Info:    Checking defaults for U/cmr/m/n on input line 26.
LaTeX Font Info:    ... okay on input line 26.
The property list \__xpg_alias contains the pairs (without outer braces):
>  {latex/target}  =>  {latex}
>  {english/target}  =>  {english}
>  {en/target}  =>  {english}
>  {en-AU/target}  =>  {english}
>  {en-AU/variant}  =>  {australian}
>  {en-AU/options}  =>  {variant=australian}
>  {en-CA/target}  =>  {english}
>  {en-CA/variant}  =>  {canadian}
>  {en-CA/options}  =>  {variant=canadian}
>  {en-GB/target}  =>  {english}
>  {en-GB/variant}  =>  {british}
>  {en-GB/options}  =>  {variant=british}
>  {en-NZ/target}  =>  {english}
>  {en-NZ/variant}  =>  {newzealand}
>  {en-NZ/options}  =>  {variant=newzealand}
>  {en-US/target}  =>  {english}
>  {en-US/variant}  =>  {us}
>  {en-US/options}  =>  {variant=us}
>  {american/target}  =>  {english}
>  {american/variant}  =>  {us}
>  {american/options}  =>  {variant=us}
>  {australian/target}  =>  {english}
>  {australian/variant}  =>  {australian}
>  {australian/options}  =>  {variant=australian}
>  {british/target}  =>  {english}
>  {british/variant}  =>  {british}
>  {british/options}  =>  {variant=british}
>  {canadian/target}  =>  {english}
>  {canadian/variant}  =>  {canadian}
>  {canadian/options}  =>  {variant=canadian}
>  {newzealand/target}  =>  {english}
>  {newzealand/variant}  =>  {newzealand}
>  {newzealand/options}  =>  {variant=newzealand}
>  {thai/target}  =>  {thai}
>  {th/target}  =>  {thai}.

*geometry* driver: auto-detecting
*geometry* detected driver: xetex
*geometry* verbose mode - [ preamble ] result:
* driver: xetex
* paper: a4paper
* layout: <same size as paper>
* layoutoffset:(h,v)=(0.0pt,0.0pt)
* modes: 
* h-part:(L,W,R)=(72.26999pt, 452.9679pt, 72.26999pt)
* v-part:(T,H,B)=(72.26999pt, 700.50687pt, 72.26999pt)
* \paperwidth=597.50787pt
* \paperheight=845.04684pt
* \textwidth=452.9679pt
* \textheight=700.50687pt
* \oddsidemargin=0.0pt
* \evensidemargin=0.0pt
* \topmargin=-37.0pt
* \headheight=12.0pt
* \headsep=25.0pt
* \topskip=10.0pt
* \footskip=30.0pt
* \marginparwidth=65.0pt
* \marginparsep=11.0pt
* \columnsep=10.0pt
* \skip\footins=9.0pt plus 4.0pt minus 2.0pt
* \hoffset=0.0pt
* \voffset=0.0pt
* \mag=1000
* \@twocolumnfalse
* \@twosidefalse
* \@mparswitchfalse
* \@reversemarginfalse
* (1in=72.27pt=25.4mm, 1cm=28.453pt)

Package biblatex Info: Trying to load language 'thai'...
Package biblatex Info: ... file 'thai.lbx' not found.

Package biblatex Warning: Language 'thai' not supported.
(biblatex)                Using dummy definitions on input line 26.

Package biblatex Info: Trying to load language 'american'...
Package biblatex Info: ... file 'american.lbx' found.

(C:\Users\helpdesk\AppData\Local\Programs\MiKTeX\tex/latex/biblatex/lbx\america
n.lbx
File: american.lbx 2022/07/12 v3.18b biblatex localization (PK/MW)
Package biblatex Info: Trying to load language 'english'...
Package biblatex Info: ... file 'english.lbx' found.

(C:\Users\helpdesk\AppData\Local\Programs\MiKTeX\tex/latex/biblatex/lbx\english
.lbx
File: english.lbx 2022/07/12 v3.18b biblatex localization (PK/MW)
)
Package biblatex Info: Trying to load language 'english'...
Package biblatex Info: ... file 'english.lbx' found.

(C:\Users\helpdesk\AppData\Local\Programs\MiKTeX\tex/latex/biblatex/lbx\english
.lbx
File: english.lbx 2022/07/12 v3.18b biblatex localization (PK/MW)
))
Package biblatex Info: XeTeX detected.
(biblatex)             Assuming input encoding 'utf8'.
Package biblatex Info: Automatic encoding selection.
(biblatex)             Assuming data encoding 'utf8'.
\openout3 = `math_model.bcf'.

Package biblatex Info: Trying to load bibliographic data...
Package biblatex Info: ... file 'math_model.bbl' found.
 (math_model.bbl)
Package biblatex Info: Reference section=0 on input line 26.
Package biblatex Info: Reference segment=0 on input line 26.
LaTeX Info: Redefining \rmfamily on input line 26.
LaTeX Info: Redefining \sffamily on input line 26.
LaTeX Info: Redefining \ttfamily on input line 26.
LaTeX Font Info:    Font shape `TU/THSarabunNew(0)/m/n' will be
(Font)              scaled to size 24.79463pt on input line 28.
LaTeX Font Info:    Trying to load font information for U+msa on input line 28.


(C:\Users\helpdesk\AppData\Local\Programs\MiKTeX\tex/latex/amsfonts\umsa.fd
File: umsa.fd 2013/01/14 v3.01 AMS symbols A
)
LaTeX Font Info:    Trying to load font information for U+msb on input line 28.


(C:\Users\helpdesk\AppData\Local\Programs\MiKTeX\tex/latex/amsfonts\umsb.fd
File: umsb.fd 2013/01/14 v3.01 AMS symbols B
)
LaTeX Font Info:    Font shape `TU/THSarabunNew(0)/m/n' will be
(Font)              scaled to size 17.2185pt on input line 28.
LaTeX Font Info:    Font shape `TU/THSarabunNew(0)/bx/n' in size <14.4> not ava
ilable
(Font)              Font shape `TU/THSarabunNew(0)/b/n' tried instead on input 
line 29.
LaTeX Font Info:    Font shape `TU/THSarabunNew(0)/b/n' will be
(Font)              scaled to size 20.66219pt on input line 29.

(math_model.toc
LaTeX Info: Redefining \rmfamily on input line 1.
LaTeX Info: Redefining \sffamily on input line 1.
LaTeX Info: Redefining \ttfamily on input line 1.
LaTeX Font Info:    Font shape `TU/THSarabunNew(0)/bx/n' in size <10> not avail
able
(Font)              Font shape `TU/THSarabunNew(0)/b/n' tried instead on input 
line 2.
LaTeX Font Info:    Font shape `TU/THSarabunNew(0)/b/n' will be
(Font)              scaled to size 14.34875pt on input line 2.
LaTeX Font Info:    Font shape `TU/THSarabunNew(0)/m/n' will be
(Font)              scaled to size 14.34875pt on input line 5.
)
\tf@toc=\write4
\openout4 = `math_model.toc'.

 (math_model.lof
LaTeX Info: Redefining \rmfamily on input line 1.
LaTeX Info: Redefining \sffamily on input line 1.
LaTeX Info: Redefining \ttfamily on input line 1.
LaTeX Info: Redefining \rmfamily on input line 3.
LaTeX Info: Redefining \sffamily on input line 3.
LaTeX Info: Redefining \ttfamily on input line 3.
LaTeX Info: Redefining \rmfamily on input line 5.
LaTeX Info: Redefining \sffamily on input line 5.
LaTeX Info: Redefining \ttfamily on input line 5.
LaTeX Info: Redefining \rmfamily on input line 7.
LaTeX Info: Redefining \sffamily on input line 7.
LaTeX Info: Redefining \ttfamily on input line 7.
LaTeX Info: Redefining \rmfamily on input line 9.
LaTeX Info: Redefining \sffamily on input line 9.
LaTeX Info: Redefining \ttfamily on input line 9.
)
\tf@lof=\write5
\openout5 = `math_model.lof'.

LaTeX Font Info:    Font shape `TU/THSarabunNew(0)/m/n' will be
(Font)              scaled to size 12.91388pt on input line 33.

Overfull \hbox (11.15121pt too wide) in paragraph at lines 33--34
[]\TU/THSarabunNew(0)/m/n/9 แบบจำลองทางคณิตศาสตร์การเรียนรู้ตัวอักษรคันจิ เป็นแ
บบจำลองที่ถูกออกแบบมาเพื่อให้สามารถวิเคราะห์ผลการเรียน
 []


Overfull \hbox (0.10956pt too wide) in paragraph at lines 33--34
\TU/THSarabunNew(0)/m/n/9 รู้คันจิ เวลาที่ใช้ในการเรียนรู้ตัวอักษรคันจิ และตอบโ
จทย์ปัญหาภายในหลักสูตรการศึกษาได้ว่าต้องเรียนรู้คันจิเท่าใดต่อวัน
 []


Overfull \hbox (6.8093pt too wide) in paragraph at lines 37--38
\TU/THSarabunNew(0)/m/n/10 ต้องผลิตบุคลากรที่มีความเข้าใจสังคมและวัฒนธรรมของประ
เทศญี่ปุ่นอันจะนำไปสู่การสามารถติดต่อสื่อกับชาวญี่ปุ่นได้อย่าง
 []

[1

]
Overfull \hbox (12.96234pt too wide) in paragraph at lines 39--40
[]\TU/THSarabunNew(0)/m/n/10 จากที่กล่าวข้างต้น ทำให้เราเล็งเห็นถึงปัญหาหนึ่งที
่สำคัญเป็นอย่างยิ่งในการเรียนรู้วัฒนธรรมของประเทศญี่ปุ่นนั้นก็คือ การ
 []


Overfull \hbox (2.1275pt too wide) in paragraph at lines 39--40
\TU/THSarabunNew(0)/m/n/10 ที่ประเทศญี่ปุ่นใช้ตัวอักษรคันจิในการสื่อสารในชีวิตป
ระจำวัน โดยคันจิหมายถึงตัวอักษรภาพที่ประเทศจีนและประเทศญี่ปุ่น
 []


Overfull \hbox (15.50061pt too wide) in paragraph at lines 39--40
\TU/THSarabunNew(0)/m/n/10 แต่จะต้องเข้าใจไวยากรณ์ แต่ต้องเข้าใจถึงตัวอักษรคันจ
ิที่สามารถสื่อได้ถึงความหมายด้วยจึงจะสามารถบรรลุผลการศึกษาภาษา
 []


Overfull \hbox (15.16026pt too wide) in paragraph at lines 41--42
\TU/THSarabunNew(0)/m/n/10 สามารถพยากรณ์วันเวลาทั้งหมดที่ใช้ในการเรียนรู้ตัวอัก
ษรคันจิและสามารถหาจำนวนตัวอักษรคันจิที่ควรเรียนภายใต้เวลาเรียน
 []


Overfull \hbox (4.41454pt too wide) in paragraph at lines 43--44
[]\TU/THSarabunNew(0)/m/n/10 ดังนั้นกลุ่มเราจึงได้จัดทำแบบจำลองทางคณิตศาสตร์การ
เรียนรู้ตัวอักษรคันจิ เพื่อให้สามารถศึกษาการเรียนรู้ตัวอักษรคัน
 []


Overfull \hbox (6.86263pt too wide) in paragraph at lines 43--44
\TU/THSarabunNew(0)/m/n/10 จิที่เหมาะสมได้รวมถึงหาจำนวนตัวอักษรคันจิที่ควรเรียน
ภายใต้เวลาเรียนที่กำหนด ซึ่งจะช่วยให้หลักสูตรสาขาวิชาภาษาญี่ปุ่น
 []


Overfull \hbox (0.53484pt too wide) in paragraph at lines 43--44
\TU/THSarabunNew(0)/m/n/10 สามารถปรับหลักสูตรได้ตรงกับปัญหาได้มากยิ่งขึ้น โดยแบ
บจำลองทางคณิตศาสตร์การเรียนรู้ตัวอักษรคันจิของเราจะนำเอา
 []


Overfull \hbox (1.81186pt too wide) in paragraph at lines 46--49
\TU/THSarabunNew(0)/m/n/10 ในการจะสร้างแบบจำลองทางคณิตศาสตร์การเรียนรู้ตัวอักษร
คันจิได้นั้น จำเป็นจะต้องอาศัยข้อมูลวิชาที่เรียนรู้ตัวอักษรคันจิ
 []


Underfull \hbox (badness 10000) in paragraph at lines 46--49
\TU/THSarabunNew(0)/m/n/10 จากหลักสูตรสาขาวิชาภาษาญี่ปุ่นโดยได้มาจากมหาวิทยาลัย
ธรรมศาสตร์ซึ่งมีข้อมูลดังต่อไปนี้ 
 []


Overfull \hbox (2.69597pt too wide) in paragraph at lines 60--61
\TU/THSarabunNew(0)/m/n/10 การทดสอบพบว่า หากมนุษย์เราเรียนรู้สิ่งใดสิ่งหนึ่งมาแ
ล้วแต่ไม่ได้กลับไปทบทวนซ้ำเป็นเวลา \TU/lmr/m/n/10 1 \TU/THSarabunNew(0)/m/n/10 
วัน สิ่งที่มนุษย์คนนั้นได้เรียน
 []

[2]
Overfull \hbox (1.60219pt too wide) in paragraph at lines 62--63
[]\TU/THSarabunNew(0)/m/n/10 สิ่งสุดท้ายที่จำเป็นสำหรับการทำแบบจำลองทางคณิตศาสต
ร์ของเรานั้นจะขาดไปไม่ได้นั้นคือ ความรู้พื้นฐานจากวิชาการ
 []


Overfull \hbox (2.94066pt too wide) in paragraph at lines 62--63
\TU/THSarabunNew(0)/m/n/10 สร้างตัวแบบทางคณิตศาสตร์\TU/lmr/m/n/10 [3] \TU/THSar
abunNew(0)/m/n/10 ที่เป็นแหล่งอ้างอิงแบบจำลองทางคณิตศาสตร์แบบต่างๆ ที่ช่วยให้เร
าสามารถทำแบบจำลอง
 []

LaTeX Font Info:    Font shape `TU/THSarabunNew(0)/bx/n' in size <12> not avail
able
(Font)              Font shape `TU/THSarabunNew(0)/b/n' tried instead on input 
line 67.
LaTeX Font Info:    Font shape `TU/THSarabunNew(0)/b/n' will be
(Font)              scaled to size 17.2185pt on input line 67.
File: ./picture//1.png Graphic file (type bmp)
<./picture//1.png>

Overfull \hbox (14.41393pt too wide) in paragraph at lines 102--103
[]\TU/THSarabunNew(0)/m/n/10 การเรียนรู้ตัวอักษรคันจิในแต่ละวันสามารถหลงลืมตัวอ
ักษรคันจิที่เคยเรียนรู้ได้ด้วยหลักการ \TU/lmr/m/n/10 The Forgetting Curve[2] 
 []

[3]
Overfull \hbox (8.90462pt too wide) in paragraph at lines 104--105
[]\TU/THSarabunNew(0)/m/n/10 เวลาที่ใช้ในการเรียนรู้ตัวอักษรคันจิจะไม่นับเวลาช่
วงปิดเทอมเข้ามาเกี่ยวข้อง โดยถือว่าการเรียนรู้ตัวอักษรคันจิจะเรียน
 []


Overfull \hbox (5.21101pt too wide) in paragraph at lines 136--137
\TU/THSarabunNew(0)/m/n/10 หากกำหนดให้นักศึกษาเอกญี่ปุ่น ม\TU/lmr/m/n/10 .\TU/T
HSarabunNew(0)/m/n/10 ธรรมศาสตร์ เป็นนักศึกษาที่ไม่มีความรู้พื้นฐานใดๆ เกี่ยวกั
บตัวอักษรคันจิ มีความสามารถ
 []

[4]
Overfull \hbox (13.60179pt too wide) in paragraph at lines 138--139
\TU/lmr/m/n/10 [2] \TU/THSarabunNew(0)/m/n/10 สามารถเรียนรู้ตัวอักษรคันจิบรรลุผ
ลตามที่ทางมหาลัยธรรมศาสตร์กำหนดไว้ได้ นอกจากนี้เรายังสังเกตเห็นช่วงที่กราฟแสดง
 []


Overfull \hbox (1.03703pt too wide) in paragraph at lines 141--142
\TU/THSarabunNew(0)/m/n/10 ศึกษาตัวอักษรคันจินั้นเรียนรู้ตัวอักษรคันจิเสร็จก่อน
จะหมดเวลาเรียนวิชานั้น ดังนั้นถ้าเราต้องการให้ผลลัพธ์ในกราฟออกมา
 []


Overfull \hbox (11.38397pt too wide) in paragraph at lines 143--144
[]\TU/THSarabunNew(0)/m/n/10 จากกราฟจะสังเกตุเห็นกราฟเป็นเส้นตรง เนื่องจากการเร
ียนรู้ตัวอักษรคันจินี้อยู่ในจุดที่พอดีในการเรียนรู้ตัวอักษรคันจิ โดย
 []


Overfull \hbox (2.28537pt too wide) in paragraph at lines 146--147
\TU/THSarabunNew(0)/m/n/10 เดียวกันกับภาพกราฟนี้ได้เช่นกัน เมื่อเราให้การเรียนร
ู้ตัวอักษรคันจิน้อยกว่า \TU/lmr/m/n/10 8.80 \TU/THSarabunNew(0)/m/n/10 ตัวต่อวั
น เช่น เมื่อเราให้นักศึกษาเอกญี่ปุ่น
 []


Overfull \hbox (27.1776pt too wide) in paragraph at lines 151--152
\TU/THSarabunNew(0)/m/n/10 อัตราการสูญเสียตัวอักษรคันจิอยู่ที่ \TU/lmr/m/n/10 6
6.3%[2] \TU/THSarabunNew(0)/m/n/10 โดยให้ความสามารถในการเรียนรู้ตัวอักษรคันจิขอ
งนักศึกษาเอกญี่ปุ่น ม\TU/lmr/m/n/10 .\TU/THSarabunNew(0)/m/n/10 ธรรมศาสตร์
 []


Overfull \hbox (5.13625pt too wide) in paragraph at lines 153--154
[]\TU/THSarabunNew(0)/m/n/10 จากกราฟจะสังเกตุเห็นกราฟเป็นเส้นตรงที่มีจุดนิ่งในช
่วงต่อของวิชา \TU/lmr/m/n/10 Japanese \TU/THSarabunNew(0)/m/n/10 เนื่องจากเรากำ
หนดให้นักศึกษาเอกญี่ปุ่น
 []

File: ./picture//2.png Graphic file (type bmp)
<./picture//2.png>
File: ./picture//3.png Graphic file (type bmp)
<./picture//3.png>
File: ./picture//4.png Graphic file (type bmp)
<./picture//4.png>
File: ./picture//5.png Graphic file (type bmp)
<./picture//5.png>

Overfull \hbox (12.32948pt too wide) in paragraph at lines 184--185
\TU/THSarabunNew(0)/m/n/10 ภายใต้เงื่อนไขหลักสูตรสาขาภาษาญี่ปุ่นของมหาวิทยาลัยธ
รรมศาสตร์เท่านั้น จึงทำให้มีคำถามที่น่าสนใจเกี่ยวกับตัวแบบจำลอง
 []


Overfull \hbox (5.91153pt too wide) in paragraph at lines 184--185
\TU/THSarabunNew(0)/m/n/10 ทางคณิตศาสตร์ตัวนี้ว่า ถ้าเกิดเราจะแบ่งวิชาเรียนที่เ
กี่ยวข้องกับตัวอักษรคันจิในแบบอื่นๆ นอกเหนือจากหลักสูตรสาขาภาษา
 []


Overfull \hbox (5.0202pt too wide) in paragraph at lines 184--185
\TU/THSarabunNew(0)/m/n/10 ญี่ปุ่นของมหาวิทยาลัยธรรมศาสตร์ได้ไหม\TU/lmr/m/n/10 
? \TU/THSarabunNew(0)/m/n/10 โดยถ้ามองในมุมมองปัญหาจากข้อความข้างต้น เราจะพบว่า
สิ่งที่ทำให้เกิดคำถาม
 []


Overfull \hbox (1.56384pt too wide) in paragraph at lines 184--185
\TU/THSarabunNew(0)/m/n/10 นี้ขึ้นมาเป็นเพราะว่าทุกๆ มหาลัยแต่ละมหาลัยก็มีหลักส
ูตรเป็นของตัวเอง บางมหาลัยอาจจะเปิดสอนวิชาที่เกี่ยวกับตัวอักษร
 []


Overfull \hbox (6.13489pt too wide) in paragraph at lines 184--185
\TU/THSarabunNew(0)/m/n/10 แบบจำลองทางคณิตศาสตร์การเรียนรู้ตัวอักษรคันจิที่สามา
รถรองรับปัญหาในกรณีที่ต้องการทราบเวลาในการเรียนรู้ตัวอักษร
 []


Overfull \hbox (3.18933pt too wide) in paragraph at lines 184--185
\TU/THSarabunNew(0)/m/n/10 คันจิเท่าไรจึงจะเรียนรู้ครบทุกตัวอักษรคันจิ และถ้าต้
องเรียนรู้ตัวอักษรคันจิในเวลาที่จำกัดจะต้องเรียนรู้ตัวอักษรคันจิกี่ตัวต่อ
 []

[5] [6]
Overfull \hbox (36.2202pt too wide) in paragraph at lines 189--191
\TU/THSarabunNew(0)/m/n/10 ที่กล่าวมาได้ แต่ในส่วนของการตามหาจำนวนตัวอักษรคันจิ
ที่ควรเรียนต่อวันภายใต้เงื่อนไขเวลาที่จำกัดในแบบจำลองทางคณิตศาสตร์
 []


Overfull \hbox (15.41446pt too wide) in paragraph at lines 193--194
\TU/THSarabunNew(0)/m/n/10 จากการทำแบบจำลองทางคณิตศาสตร์การเรียนรู้ตัวอักษรคันจ
ิ ทำให้เราพบว่าแบบจำลองทางคณิตศาสตร์ของเราสามารถบรรลุ
 []


Overfull \hbox (9.80412pt too wide) in paragraph at lines 193--194
\TU/THSarabunNew(0)/m/n/10 โจทย์การหาเวลาในการเรียนรู้ตัวอักษรคันจิเท่าไร จึงจะ
เรียนรู้ครบทุกตัวอักษรคันจิและการหาจำนวนตัวอักษรคันจิที่ควรเรียน
 []


Overfull \hbox (3.52556pt too wide) in paragraph at lines 193--194
\TU/THSarabunNew(0)/m/n/10 ต่อวันเมื่อมีเวลาในการเรียนที่จำกัด โดยที่ตัวแบบจำลอ
งทางคณิตศาสตร์มีความสอดคล้องทางมิติ นอกจากนี้ แบบจำลองทาง
 []


Overfull \hbox (13.5819pt too wide) in paragraph at lines 193--194
\TU/THSarabunNew(0)/m/n/10 คณิตศาสตร์การเรียนรู้ตัวอักษรคันจิยังสามารถนำไปพิจาร
ณาแนวโน้มในการเรียนรู้ตัวอักษรคันจิได้ด้วยว่าถ้าเราเรียนรู้ตัวอักษร
 []


Overfull \hbox (7.40787pt too wide) in paragraph at lines 193--194
\TU/THSarabunNew(0)/m/n/10 คันจิประมาณเท่าใดจะทำให้เรียนตัวอักษรคันจิเร็วเกินไป
หรือช้าเกินไปได้ แน่นอนว่าแบบจำลองทางคณิตศาสตร์การเรียนรู้ตัว
 []


Overfull \hbox (3.78386pt too wide) in paragraph at lines 193--194
\TU/THSarabunNew(0)/m/n/10 อักษรคันจิของเราเองก็มีข้อกัดอยู่ เช่น ไม่สามารถบรรจ
ุโจทย์กรณีการเรียนตัวอักษรคันจิมีผลต่อการจำตัวอักษรคันจิได้ กล่าว
 []


Overfull \hbox (0.1474pt too wide) in paragraph at lines 193--194
\TU/THSarabunNew(0)/m/n/10 ปริมาณเท่าเดิมได้เท่านั้น ไม่สามารถคาดคะเนผลลัพธ์ภาย
ใต้เงื่อนไขการลืมตัวอักษรคันจิในปริมาณที่เพิ่มมากขึ้นในแต่ละวัน
 []

[7]
LaTeX Font Info:    Font shape `TU/THSarabunNew(0)/m/it' will be
(Font)              scaled to size 14.34875pt on input line 195.

Overfull \hbox (21.61505pt too wide) in paragraph at lines 196--196
[]\TU/THSarabunNew(0)/m/n/10 คณะศิลปศาสตร์ ภาควิชาภาษาไทยและภาษาวัฒนธรรมตะวันออ
กสาขาวิชาภาษาญี่ปุ่น\TU/lmr/m/n/10 . \TU/THSarabunNew(0)/m/it/10 รายละเอียดของห
ลักสูตร หลักสูตร
 []

The property list \polyglossia@langsetup contains the pairs (without outer
braces):
>  {latex/script}  =>  {latin}
>  {latex/lcscript}  =>  {latin}
>  {latex/scripttag}  =>  {}
>  {latex/language}  =>  {Latex}
>  {latex/langtag}  =>  {ENG}
>  {latex/bcp47}  =>  {}
>  {latex/hyphennames}  =>  {english}
>  {latex/direction}  =>  {LR}
>  {latex/hyphenmins}  =>  {2,3}
>  {latex/frenchspacing}  =>  {false}
>  {latex/indentfirst}  =>  {false}
>  {latex/fontsetup}  =>  {true}
>  {latex/envname}  =>  {latex}
>  {latex/babelname}  =>  {latex}
>  {latex/localnumeral}  =>  {polyglossia@C@localnumeral}
>  {latex/Localnumeral}  =>  {polyglossia@C@localnumeral}
>  {latex/DefineCommandsCmd}  =>  {use_none:n}
>  {english/script}  =>  {latin}
>  {english/lcscript}  =>  {latin}
>  {english/scripttag}  =>  {}
>  {english/language}  =>  {English}
>  {english/langtag}  =>  {ENG}
>  {english/bcp47}  =>  {en-US}
>  {english/hyphennames}  =>  {english,american,usenglish,USenglish}
>  {english/direction}  =>  {LR}
>  {english/hyphenmins}  =>  {2,3}
>  {english/frenchspacing}  =>  {false}
>  {english/indentfirst}  =>  {false}
>  {english/fontsetup}  =>  {true}
>  {english/envname}  =>  {english}
>  {english/babelname}  =>  {american}
>  {english/localnumeral}  =>  {polyglossia@C@localnumeral}
>  {english/Localnumeral}  =>  {polyglossia@C@localnumeral}
>  {english/DefineCommandsCmd}  =>  {xpg_define_language_commands:e}
>  {thai/script}  =>  {Thai}
>  {thai/lcscript}  =>  {thai}
>  {thai/scripttag}  =>  {thai}
>  {thai/language}  =>  {Thai}
>  {thai/langtag}  =>  {THA}
>  {thai/bcp47}  =>  {th}
>  {thai/hyphennames}  =>  {nohyphenation}
>  {thai/direction}  =>  {LR}
>  {thai/hyphenmins}  =>  {2,3}
>  {thai/frenchspacing}  =>  {false}
>  {thai/indentfirst}  =>  {false}
>  {thai/fontsetup}  =>  {true}
>  {thai/envname}  =>  {thai}
>  {thai/babelname}  =>  {thai}
>  {thai/localnumeral}  =>  {thainumerals}
>  {thai/Localnumeral}  =>  {thainumerals}
>  {thai/DefineCommandsCmd}  =>  {xpg_define_language_commands:e}.
The property list \__xpg_alias contains the pairs (without outer braces):
>  {latex/target}  =>  {latex}
>  {english/target}  =>  {english}
>  {en/target}  =>  {english}
>  {en-AU/target}  =>  {english}
>  {en-AU/variant}  =>  {australian}
>  {en-AU/options}  =>  {variant=australian}
>  {en-CA/target}  =>  {english}
>  {en-CA/variant}  =>  {canadian}
>  {en-CA/options}  =>  {variant=canadian}
>  {en-GB/target}  =>  {english}
>  {en-GB/variant}  =>  {british}
>  {en-GB/options}  =>  {variant=british}
>  {en-NZ/target}  =>  {english}
>  {en-NZ/variant}  =>  {newzealand}
>  {en-NZ/options}  =>  {variant=newzealand}
>  {en-US/target}  =>  {english}
>  {en-US/variant}  =>  {us}
>  {en-US/options}  =>  {variant=us}
>  {american/target}  =>  {english}
>  {american/variant}  =>  {us}
>  {american/options}  =>  {variant=us}
>  {australian/target}  =>  {english}
>  {australian/variant}  =>  {australian}
>  {australian/options}  =>  {variant=australian}
>  {british/target}  =>  {english}
>  {british/variant}  =>  {british}
>  {british/options}  =>  {variant=british}
>  {canadian/target}  =>  {english}
>  {canadian/variant}  =>  {canadian}
>  {canadian/options}  =>  {variant=canadian}
>  {newzealand/target}  =>  {english}
>  {newzealand/variant}  =>  {newzealand}
>  {newzealand/options}  =>  {variant=newzealand}
>  {thai/target}  =>  {thai}
>  {th/target}  =>  {thai}.
[8] (math_model.aux
LaTeX Info: Redefining \rmfamily on input line 6.
LaTeX Info: Redefining \sffamily on input line 6.
LaTeX Info: Redefining \ttfamily on input line 6.
)
Package logreq Info: Writing requests to 'math_model.run.xml'.
\openout1 = `math_model.run.xml'.

 ) 
Here is how much of TeX's memory you used:
 16651 strings out of 411566
 361622 string characters out of 2819575
 1865973 words of memory out of 3000000
 36577 multiletter control sequences out of 15000+600000
 518871 words of font info for 88 fonts, out of 8000000 for 9000
 1348 hyphenation exceptions out of 8191
 87i,12n,135p,1070b,4907s stack positions out of 10000i,1000n,20000p,200000b,80000s

Output written on math_model.pdf (8 pages).
