This is pdfTeX, Version 3.141592653-2.6-1.40.24 (MiKTeX 22.12) (preloaded format=pdflatex 2023.1.5)  10 MAR 2023 18:49
entering extended mode
 restricted \write18 enabled.
 %&-line parsing enabled.
**1.tex
(C:\Users\helpdesk\AppData\Local\Programs\MiKTeX\tex/latex/tools\X.tex
LaTeX2e <2022-11-01> patch level 1
L3 programming layer <2022-12-17>
! .
l.38   \batchmode \errmessage{}
                               \csname @@end\endcsname \end
This error message was generated by an \errmessage
command, so I can't give any explicit help.
Pretend that you're Hercule Poirot: Examine all clues,
and deduce the truth by order and method.

 ) 
Here is how much of TeX's memory you used:
 19 strings out of 476406
 503 string characters out of 2788152
 1848787 words of memory out of 3000000
 20478 multiletter control sequences out of 15000+600000
 512287 words of font info for 32 fonts, out of 8000000 for 9000
 1141 hyphenation exceptions out of 8191
 13i,0n,12p,85b,10s stack positions out of 10000i,1000n,20000p,200000b,80000s

No pages of output.
PDF statistics:
 0 PDF objects out of 1000 (max. 8388607)
 0 named destinations out of 1000 (max. 500000)
 1 words of extra memory for PDF output out of 10000 (max. 10000000)

